<?xml version="1.0" encoding="UTF-8"?>
<testng-results ignored="0" total="3" passed="3" failed="0" skipped="0">
  <reporter-output>
  </reporter-output>
  <suite started-at="2025-02-02T16:50:12 IST" name="Default suite" finished-at="2025-02-02T16:50:16 IST" duration-ms="3892">
    <groups>
    </groups>
    <test started-at="2025-02-02T16:50:12 IST" name="Default test" finished-at="2025-02-02T16:50:16 IST" duration-ms="3892">
      <class name="DynamicJson">
        <test-method signature="addBook(java.lang.String,java.lang.String)[pri:0, instance:DynamicJson@399f45b1]" started-at="2025-02-02T16:50:12 IST" name="addBook" data-provider="BooksData" finished-at="2025-02-02T16:50:15 IST" duration-ms="3367" status="PASS">
          <params>
            <param index="0">
              <value>
                <![CDATA[bcaad]]>
              </value>
            </param>
            <param index="1">
              <value>
                <![CDATA[3923]]>
              </value>
            </param>
          </params>
          <reporter-output>
          </reporter-output>
        </test-method> <!-- addBook -->
        <test-method signature="addBook(java.lang.String,java.lang.String)[pri:0, instance:DynamicJson@399f45b1]" started-at="2025-02-02T16:50:15 IST" name="addBook" data-provider="BooksData" finished-at="2025-02-02T16:50:15 IST" duration-ms="211" status="PASS">
          <params>
            <param index="0">
              <value>
                <![CDATA[bcafgd]]>
              </value>
            </param>
            <param index="1">
              <value>
                <![CDATA[3121]]>
              </value>
            </param>
          </params>
          <reporter-output>
          </reporter-output>
        </test-method> <!-- addBook -->
        <test-method signature="addBook(java.lang.String,java.lang.String)[pri:0, instance:DynamicJson@399f45b1]" started-at="2025-02-02T16:50:15 IST" name="addBook" data-provider="BooksData" finished-at="2025-02-02T16:50:16 IST" duration-ms="214" status="PASS">
          <params>
            <param index="0">
              <value>
                <![CDATA[lcad]]>
              </value>
            </param>
            <param index="1">
              <value>
                <![CDATA[3123]]>
              </value>
            </param>
          </params>
          <reporter-output>
          </reporter-output>
        </test-method> <!-- addBook -->
      </class> <!-- DynamicJson -->
    </test> <!-- Default test -->
  </suite> <!-- Default suite -->
</testng-results>
